2025-10-29 08:00:00 INFO Session started: ETL_CUSTOMER_DATA
2025-10-29 08:00:01 INFO Connecting to source database: PROD_DB_01
2025-10-29 08:00:03 INFO Connection established successfully
2025-10-29 08:00:05 INFO Starting data extraction from table CUSTOMERS
2025-10-29 08:00:15 INFO Extracted 150000 rows from CUSTOMERS table
2025-10-29 08:00:16 INFO Starting transformation process
2025-10-29 08:00:20 WARNING Null value detected in field EMAIL for 25 records
2025-10-29 08:00:25 INFO Applying data quality rules
2025-10-29 08:00:30 INFO Transformation completed: 149975 rows valid
2025-10-29 08:00:31 INFO Connecting to target warehouse
2025-10-29 08:00:35 ERROR Connection timeout: Unable to connect to warehouse WH_PROD
2025-10-29 08:00:40 INFO Retrying connection (attempt 1 of 3)
2025-10-29 08:00:45 INFO Connection established successfully
2025-10-29 08:00:46 INFO Starting data load process
2025-10-29 08:01:30 INFO Loaded 149975 rows to target table, duration: 44.5s
2025-10-29 08:01:31 INFO Session ETL_CUSTOMER_DATA completed successfully
2025-10-29 08:05:00 INFO Session started: ETL_ORDERS_DATA
2025-10-29 08:05:01 INFO Connecting to source database: PROD_DB_02
2025-10-29 08:05:03 INFO Connection established successfully
2025-10-29 08:05:05 INFO Starting data extraction from table ORDERS
2025-10-29 08:05:45 INFO Extracted 500000 rows from ORDERS table, duration: 40.2s
2025-10-29 08:05:46 INFO Starting transformation process
2025-10-29 08:06:15 WARNING Data type mismatch in field ORDER_DATE for 150 records
2025-10-29 08:06:20 ERROR Invalid constraint violation: Foreign key mismatch for 50 records
2025-10-29 08:06:25 INFO Applying data cleansing rules
2025-10-29 08:06:50 INFO Transformation completed: 499800 rows valid, duration: 64.5s
2025-10-29 08:06:51 INFO Connecting to target warehouse
2025-10-29 08:06:53 INFO Connection established successfully
2025-10-29 08:06:54 INFO Starting data load process
2025-10-29 08:09:30 INFO Loaded 499800 rows to target table, duration: 156.3s
2025-10-29 08:09:31 INFO Session ETL_ORDERS_DATA completed successfully
2025-10-29 08:15:00 INFO Session started: ETL_PRODUCTS_DATA
2025-10-29 08:15:01 INFO Connecting to source database: PROD_DB_03
2025-10-29 08:15:05 ERROR Connection failed: Access denied for user 'etl_user'@'10.0.1.50'
2025-10-29 08:15:10 INFO Retrying connection (attempt 1 of 3)
2025-10-29 08:15:15 ERROR Connection failed: Access denied for user 'etl_user'@'10.0.1.50'
2025-10-29 08:15:20 INFO Retrying connection (attempt 2 of 3)
2025-10-29 08:15:25 ERROR Connection failed: Access denied for user 'etl_user'@'10.0.1.50'
2025-10-29 08:15:30 FATAL Session ETL_PRODUCTS_DATA failed: Unable to establish connection
2025-10-29 08:20:00 INFO Session started: ETL_INVENTORY_DATA
2025-10-29 08:20:01 INFO Connecting to source database: PROD_DB_04
2025-10-29 08:20:03 INFO Connection established successfully
2025-10-29 08:20:05 INFO Starting data extraction from table INVENTORY
2025-10-29 08:20:15 INFO Extracted 75000 rows from INVENTORY table
2025-10-29 08:20:16 INFO Starting transformation process
2025-10-29 08:20:25 INFO Applying business rules
2025-10-29 08:20:35 WARNING Memory usage high: 85% of allocated heap space
2025-10-29 08:20:40 INFO Transformation completed: 75000 rows valid
2025-10-29 08:20:41 INFO Connecting to target warehouse
2025-10-29 08:20:43 INFO Connection established successfully
2025-10-29 08:20:44 INFO Starting data load process
2025-10-29 08:21:15 INFO Loaded 75000 rows to target table, duration: 31.2s
2025-10-29 08:21:16 INFO Session ETL_INVENTORY_DATA completed successfully
2025-10-29 08:30:00 INFO Session started: ETL_SALES_AGGREGATION
2025-10-29 08:30:01 INFO Connecting to warehouse for aggregation
2025-10-29 08:30:03 INFO Connection established successfully
2025-10-29 08:30:05 INFO Starting aggregation query execution
2025-10-29 08:35:25 INFO Aggregation completed: processed 2500000 rows, duration: 320.5s
2025-10-29 08:35:26 WARNING Query performance degraded: Expected 180s, actual 320s
2025-10-29 08:35:30 INFO Writing aggregated results
2025-10-29 08:36:00 INFO Aggregation results written: 50000 rows
2025-10-29 08:36:01 INFO Session ETL_SALES_AGGREGATION completed successfully
2025-10-29 09:00:00 INFO Session started: ETL_CUSTOMER_UPDATES
2025-10-29 09:00:01 INFO Connecting to source CDC stream
2025-10-29 09:00:05 ERROR Network timeout: Unable to reach CDC stream endpoint
2025-10-29 09:00:10 INFO Retrying connection (attempt 1 of 3)
2025-10-29 09:00:15 INFO Connection established successfully
2025-10-29 09:00:20 INFO Reading change data capture records
2025-10-29 09:00:30 INFO Received 5000 CDC records
2025-10-29 09:00:35 INFO Applying CDC transformations
2025-10-29 09:00:40 WARNING Duplicate key detected for 10 records
2025-10-29 09:00:45 INFO CDC processing completed: 4990 records valid
2025-10-29 09:00:50 INFO Applying updates to target
2025-10-29 09:01:20 INFO Updates applied successfully: 4990 records, duration: 30.5s
2025-10-29 09:01:21 INFO Session ETL_CUSTOMER_UPDATES completed successfully
